---------------- signal_test ------------------
0.24 0.21 0.21 1/246 2113          

T: 0 ( 2102) P: 0 C:  10000 Min:      3 Act:    8 Avg:    8 Max:     823
-----------------------------------------------

---------------- pi_stress --------------------
Starting PI Stress Test
Number of thread groups: 1
Duration of test run: 10 seconds
Number of inversions per group: unlimited
Test threads using scheduler policy: SCHED_FIFO
    Admin thread priority:  4
1 groups of 3 threads will be created
    High thread priority:   3
    Med  thread priority:   2
    Low thread priority:    1
Current Inversions: 788060
Stopping test
Total inversion performed: 788062
Test Duration: 0 days, 0 hours, 0 minutes, 11 seconds
-----------------------------------------------

--------------- cyclictest --------------------
# Histogram
000000 000000	000000
000001 000000	000000
000002 000000	000000
000003 000000	000000
000004 000000	000000
000005 000001	000001
000006 000007	000002
000007 000006	000000
000008 000006	000001
000009 000009	000002
000010 000003	000002
000011 000006	000004
000012 000005	000002
000013 000004	000002
000014 000005	000006
000015 000003	000002
000016 000005	000000
000017 000005	000001
000018 000003	000005
000019 000009	000006
000020 000003	000005
000021 000003	000009
000022 000005	000003
000023 000007	000002
000024 000008	000000
000025 000004	000003
000026 000005	000002
000027 000009	000006
000028 000013	000005
000029 000012	000005
000030 000006	000008
000031 000008	000010
000032 000014	000014
000033 000009	000017
000034 000015	000015
000035 000010	000010
000036 000015	000012
000037 000009	000014
000038 000009	000005
000039 000014	000011
# Total: 000000255 000000192
# Min Latencies: 00005 00005
# Avg Latencies: 00055 00057
# Max Latencies: 02357 01940
# Histogram Overflows: 133885 133948
# Histogram Overflow at cycle number:
# Thread 0: 00000 00001 00002 00003 00004 00005 00006 00007 00008 00009 00010 00011 00012 00013 00014 00015 00016 00017 00018 00019 00020 00021 00022 00023 00024 00025 00026 00027 00028 00029 00030 00031 00032 00033 00034 00035 00036 00037 00038 00039 # 133845 others
# Thread 1: 00000 00001 00002 00003 00004 00005 00006 00007 00008 00009 00010 00011 00012 00013 00014 00015 00016 00017 00018 00019 00020 00021 00022 00023 00024 00025 00026 00027 00028 00029 00030 00031 00032 00033 00034 00035 00036 00037 00038 00039 # 133908 others
-----------------------------------------------
