---------------- signal_test ------------------
0.75 0.57 0.23 1/201 1439          

T: 0 ( 1438) P: 0 C:  10000 Min:      5 Act:   16 Avg:   18 Max:     502
-----------------------------------------------

---------------- pi_stress --------------------
Starting PI Stress Test
Number of thread groups: 1
Duration of test run: 10 seconds
Number of inversions per group: unlimited
Test threads using scheduler policy: SCHED_FIFO
    Admin thread priority:  4
1 groups of 3 threads will be created
    High thread priority:   3
    Med  thread priority:   2
    Low thread priority:    1
Current Inversions: 944411
Stopping test
Total inversion performed: 944413
Test Duration: 0 days, 0 hours, 0 minutes, 11 seconds
-----------------------------------------------

--------------- cyclictest --------------------
# Histogram
000000 000000	000000
000001 000000	000000
000002 000000	000000
000003 000000	000000
000004 000000	000000
000005 000000	000000
000006 000000	000000
000007 000000	000000
000008 000002	000000
000009 000000	000000
000010 000000	000000
000011 000000	000000
000012 000002	000001
000013 000000	000002
000014 000001	000000
000015 000000	000004
000016 000001	000002
000017 000002	000002
000018 000002	000003
000019 000002	000003
000020 000000	000003
000021 000001	000010
000022 000001	000001
000023 000001	000002
000024 000000	000005
000025 000002	000009
000026 000001	000008
000027 000002	000006
000028 000000	000005
000029 000000	000003
000030 000001	000001
000031 000000	000003
000032 000002	000004
000033 000002	000000
000034 000002	000001
000035 000006	000007
000036 000006	000001
000037 000003	000003
000038 000005	000005
000039 000005	000000
# Total: 000000052 000000094
# Min Latencies: 00008 00012
# Avg Latencies: 00061 00061
# Max Latencies: 04166 03982
# Histogram Overflows: 125709 125667
# Histogram Overflow at cycle number:
# Thread 0: 00000 00001 00002 00003 00004 00005 00006 00007 00008 00009 00010 00011 00012 00013 00014 00015 00016 00017 00018 00019 00020 00021 00022 00023 00024 00025 00026 00027 00028 00029 00030 00031 00032 00033 00034 00035 00036 00037 00038 00039 # 125669 others
# Thread 1: 00000 00001 00002 00003 00004 00005 00006 00007 00009 00010 00011 00012 00013 00014 00015 00016 00017 00018 00019 00020 00021 00022 00023 00024 00025 00026 00027 00028 00029 00030 00031 00032 00033 00034 00035 00036 00037 00038 00039 00040 # 125627 others
-----------------------------------------------
